[Oct 11 18:37:47] Starting installation of Zend Optimizer ...
[Oct 11 18:37:47] Executing: uname -s 2>/dev/null
[Oct 11 18:37:47] Command has returned exit status: 0
[Oct 11 18:37:47] Executing: uname -p 2>/dev/null
[Oct 11 18:37:48] Command has returned exit status: 0
[Oct 11 18:37:48] Executing: uname -r 2>/dev/null
[Oct 11 18:37:48] Command has returned exit status: 0
[Oct 11 18:37:48] Executing: uname -n 2>/dev/null
[Oct 11 18:37:48] Command has returned exit status: 0
[Oct 11 18:37:48] System: Darwin 8.11.0 powerpc
[Oct 11 18:37:48] Hostname: allumette.local
[Oct 11 18:37:48] Setting TEMP=/tmp/zend_install.23574
[Oct 11 18:37:48] Creating directory: /tmp/zend_install.23574
[Oct 11 18:37:48] MSGBOX: "Welcome to the Zend Optimizer 3.3.3 Installation! For more information regarding this procedure, please see the Zend Optimizer Installation Guide. "
[Oct 11 18:37:48] ./dialog --clear --backtitle 'Zend Optimizer Installation' --title 'Zend Optimizer 3.3.3' --msgbox ' Welcome to the Zend Optimizer 3.3.3 Installation! For more information regarding this procedure, please see the Zend Optimizer Installation Guide. ' 0 0
[Oct 11 18:37:49] Showing license: ..//LICENSE
[Oct 11 18:37:49] Wrapping text from file: ..//LICENSE
[Oct 11 18:37:49] Open file: /tmp/zend_install.23574/LICENSE.wrapped for writing
[Oct 11 18:37:49] ./dialog --clear --backtitle 'Zend Optimizer Installation' --title 'Zend Optimizer 3.3.3' --textbox '/tmp/zend_install.23574/LICENSE.wrapped' 0 0
[Oct 11 18:37:50] YESNO: IMPORTANT: BY SELECTING THE 'YES' OPTION BELOW, DOWNLOADING, INSTALLING, OR OTHERWISE USING THIS SOFTWARE, YOU ACKNOWLEDGE THAT YOU HAVE READ THE LICENSE AGREEMENT, AND THAT YOU AGREE TO BE BOUND BY ITS TERMS AND CONDITIONS. IF YOU DO NOT AGREE TO ALL OF THE TERMS AND CONDITIONS OF SUCH AGREEMENT, YOU ARE NOT AN AUTHORIZED USER OF THE SOFTWARE AND IT IS YOUR RESPONSIBILITY TO EXIT THIS DOWNLOADING/INSTALLATION PROCESS WITHOUT DOWNLOADING OR INSTALLING THE SOFTWARE BY SELECTING THE 'NO' OPTION BELOW, AND TO DELETE THE SOFTWARE FROM YOUR COMPUTER. Do you accept the terms of this license?
[Oct 11 18:37:50] ./dialog --clear --backtitle 'Zend Optimizer Installation' --title 'Zend Optimizer 3.3.3' --yesno ' IMPORTANT: BY SELECTING THE '\''YES'\'' OPTION BELOW, DOWNLOADING, INSTALLING, OR OTHERWISE USING THIS SOFTWARE, YOU ACKNOWLEDGE THAT YOU HAVE READ THE LICENSE AGREEMENT, AND THAT YOU AGREE TO BE BOUND BY ITS TERMS AND CONDITIONS. IF YOU DO NOT AGREE TO ALL OF THE TERMS AND CONDITIONS OF SUCH AGREEMENT, YOU ARE NOT AN AUTHORIZED USER OF THE SOFTWARE AND IT IS YOUR RESPONSIBILITY TO EXIT THIS DOWNLOADING/INSTALLATION PROCESS WITHOUT DOWNLOADING OR INSTALLING THE SOFTWARE BY SELECTING THE '\''NO'\'' OPTION BELOW, AND TO DELETE THE SOFTWARE FROM YOUR COMPUTER. Do you accept the terms of this license? ' 0 0
[Oct 11 18:37:50] User choose: YES
[Oct 11 18:37:50] Choosing install prefix ...
[Oct 11 18:37:50] ASK: Please specify the location for installing Zend Optimizer: 
[Oct 11 18:37:50] ./dialog --clear --backtitle 'Zend Optimizer Installation' --title 'Zend Optimizer 3.3.3' --inputbox ' Please specify the location for installing Zend Optimizer: ' 0 0 '/usr/local/Zend'
[Oct 11 18:38:10] INPUTBOX: /Applications/MAMP/bin/php5/zend
[Oct 11 18:38:10] Trying to guess PHP.ini location ...
[Oct 11 18:38:10] ASK: Enter the location of your php.ini file
[Oct 11 18:38:10] ./dialog --clear --backtitle 'Zend Optimizer Installation' --title 'Zend Optimizer 3.3.3' --inputbox ' Enter the location of your php.ini file ' 0 0 ' '
[Oct 11 18:38:20] INPUTBOX: /Applications/MAMP/conf/php5 
[Oct 11 18:38:20] Confirmed the location of php.ini at: /Applications/MAMP/conf/php5
[Oct 11 18:38:20] Reading PHP.ini: /Applications/MAMP/conf/php5/php.ini
[Oct 11 18:38:20] Creating directory: /tmp/zend_install.23574/saved
[Oct 11 18:38:20] Open file: /tmp/zend_install.23574/saved/_Applications_MAMP_conf_php5_php.ini for writing
[Oct 11 18:38:20] YESNO: Are you using Apache Web server?
[Oct 11 18:38:20] ./dialog --clear --backtitle 'Zend Optimizer Installation' --title 'Zend Optimizer 3.3.3' --yesno ' Are you using Apache Web server? ' 0 0
[Oct 11 18:38:22] User choose: YES
[Oct 11 18:38:22] Trying to guess Apache executable file ...
[Oct 11 18:38:22] ASK: Specify the full path to the Apache control utility (apachectl)
[Oct 11 18:38:22] ./dialog --clear --backtitle 'Zend Optimizer Installation' --title 'Zend Optimizer 3.3.3' --inputbox ' Specify the full path to the Apache control utility (apachectl) ' 0 0 '/usr/sbin/apachectl'
[Oct 11 18:38:40] INPUTBOX: /Applications/MAMP/Library/bin/apachectl
[Oct 11 18:38:40] Executing: /usr/bin/file -bi /Applications/MAMP/Library/bin/apachectl 2>/dev/null
[Oct 11 18:38:40] Command has returned exit status: 0
[Oct 11 18:38:40] Found apachectl: /Applications/MAMP/Library/bin/apachectl
[Oct 11 18:38:40] Found httpd: /Applications/MAMP/Library/bin/httpd
[Oct 11 18:38:40] Executing: /Applications/MAMP/Library/bin/httpd -V 2>/dev/null
[Oct 11 18:38:40] Command has returned exit status: 0
[Oct 11 18:38:40] Guessed from Apache executable: HTTPD_ROOT=/Applications/MAMP/Library
[Oct 11 18:38:40] Guessed from Apache executable: APACHE_VERSION=2
[Oct 11 18:38:40] Guessed from Apache executable: ERROR_LOG=/Applications/MAMP/Library/logs/error_log
[Oct 11 18:38:40] Guessed from Apache executable: APACHE_CONFIG=/Applications/MAMP/conf/apache/httpd.conf
[Oct 11 18:38:40] Guessed from Apache executable: DEFAULT_PIDLOG=/Applications/MAMP/Library/logs/httpd.pid
[Oct 11 18:38:40] Executing: /Applications/MAMP/Library/bin/httpd -l 2>/dev/null
[Oct 11 18:38:40] Command has returned exit status: 0
[Oct 11 18:38:40] Executing: /Applications/MAMP/Library/bin/httpd -V 2>/dev/null
[Oct 11 18:38:40] Command has returned exit status: 0
[Oct 11 18:38:40] Executing: /Applications/MAMP/Library/bin/httpd -l 2>/dev/null
[Oct 11 18:38:40] Command has returned exit status: 0
[Oct 11 18:38:40] Removed 4.2.0 from array of PHP versions
[Oct 11 18:38:40] Removed 4.2.x from array of PHP versions
[Oct 11 18:38:40] Removed 4.3.x from array of PHP versions
[Oct 11 18:38:40] Added 4.3.x (PHP 4.3.x) from version 2 to the array of PHP versions
[Oct 11 18:38:40] Detecting PHP version ...
[Oct 11 18:38:40] Opening Apache configuration file.
[Oct 11 18:38:40] Found "Include" directive in /Applications/MAMP/conf/apache/httpd.conf: /Applications/MAMP/conf/apache/ssl.conf
[Oct 11 18:38:40] Guessed from Apache httpd.conf: USER=www
[Oct 11 18:38:40] Guessed from Apache httpd.conf: PORT=8888
[Oct 11 18:38:40] Guessed from Apache httpd.conf: GROUP=#-1
[Oct 11 18:38:40] Guessed from Apache httpd.conf: MaxClients=150
[Oct 11 18:38:40] Guessed from Apache httpd.conf: PidFile=/Applications/MAMP/Library/logs/httpd.pid
[Oct 11 18:38:40] Guessed from Apache httpd.conf: DOCUMENT_ROOT=/Applications/MAMP/htdocs
[Oct 11 18:38:40] Guessed from Apache httpd.conf: GLOBAL_DOCUMENT_ROOT=/Applications/MAMP/htdocs
[Oct 11 18:38:40] Guessed from Apache httpd.conf: APACHE_LIBEXEC=/Applications/MAMP/Library/modules
[Oct 11 18:38:40] Guessed from Apache httpd.conf: PHP_PATH=/Applications/MAMP/Library/modules/libphp5.so
[Oct 11 18:38:40] Guessed from Apache httpd.conf: PHP_TYPE=module
[Oct 11 18:38:40] Executing: /usr/bin/strings /Applications/MAMP/Library/modules/libphp5.so
[Oct 11 18:38:41] Command has returned exit status: 0
[Oct 11 18:38:43] Detected PHP version: 5.2.x
[Oct 11 18:38:43] Gathering components info ...
[Oct 11 18:38:43] Unlinking: /Applications/MAMP/bin/php5/zend/doc
[Oct 11 18:38:43] Executing: "mkdir -p '/Applications/MAMP/bin/php5/zend/doc'" (status: 0)
[Oct 11 18:38:43] Copying: ../data/doc/Zend_Optimizer_User_Guide.pdf to: /Applications/MAMP/bin/php5/zend/doc/Zend_Optimizer_User_Guide.pdf
[Oct 11 18:38:43] Setting permissions on /Applications/MAMP/bin/php5/zend/doc/Zend_Optimizer_User_Guide.pdf: mode=100644, owner=501
[Oct 11 18:38:43] Unlinking: /Applications/MAMP/bin/php5/zend/bin
[Oct 11 18:38:43] Executing: "mkdir -p '/Applications/MAMP/bin/php5/zend/bin'" (status: 0)
[Oct 11 18:38:43] Copying: ../data/zendid to: /Applications/MAMP/bin/php5/zend/bin/zendid
[Oct 11 18:38:43] Setting permissions on /Applications/MAMP/bin/php5/zend/bin/zendid: mode=100755, owner=501
[Oct 11 18:38:43] Unlinking: /Applications/MAMP/bin/php5/zend/lib
[Oct 11 18:38:43] Executing: "mkdir -p '/Applications/MAMP/bin/php5/zend/lib'" (status: 0)
[Oct 11 18:38:43] Copying: ../data/ZendExtensionManager.so to: /Applications/MAMP/bin/php5/zend/lib/ZendExtensionManager.so
[Oct 11 18:38:43] Setting permissions on /Applications/MAMP/bin/php5/zend/lib/ZendExtensionManager.so: mode=100644, owner=501
[Oct 11 18:38:43] Unlinking: /Applications/MAMP/bin/php5/zend/etc
[Oct 11 18:38:43] Executing: "mkdir -p '/Applications/MAMP/bin/php5/zend/etc'" (status: 0)
[Oct 11 18:38:43] Copying: ../data/poweredbyoptimizer.gif to: /Applications/MAMP/bin/php5/zend/etc/poweredbyoptimizer.gif
[Oct 11 18:38:43] Setting permissions on /Applications/MAMP/bin/php5/zend/etc/poweredbyoptimizer.gif: mode=100644, owner=501
[Oct 11 18:38:43] Copying: ../README-ZendOptimizer to: /Applications/MAMP/bin/php5/zend/doc/README-ZendOptimizer
[Oct 11 18:38:43] Setting permissions on /Applications/MAMP/bin/php5/zend/doc/README-ZendOptimizer: mode=100644, owner=501
[Oct 11 18:38:43] Copying: ../EULA-ZendOptimizer to: /Applications/MAMP/bin/php5/zend/doc/EULA-ZendOptimizer
[Oct 11 18:38:43] Setting permissions on /Applications/MAMP/bin/php5/zend/doc/EULA-ZendOptimizer: mode=100644, owner=501
[Oct 11 18:38:43] Unlinking: /Applications/MAMP/bin/php5/zend/lib/Optimizer-3.3.3/php-4.4.x
[Oct 11 18:38:43] Executing: "mkdir -p '/Applications/MAMP/bin/php5/zend/lib/Optimizer-3.3.3/php-4.4.x'" (status: 0)
[Oct 11 18:38:44] Copying: ../data/4_4_x_comp/ZendOptimizer.so to: /Applications/MAMP/bin/php5/zend/lib/Optimizer-3.3.3/php-4.4.x/ZendOptimizer.so
[Oct 11 18:38:44] Setting permissions on /Applications/MAMP/bin/php5/zend/lib/Optimizer-3.3.3/php-4.4.x/ZendOptimizer.so: mode=100644, owner=501
[Oct 11 18:38:44] Unlinking: /Applications/MAMP/bin/php5/zend/lib/Optimizer-3.3.3/php-5.0.x
[Oct 11 18:38:44] Executing: "mkdir -p '/Applications/MAMP/bin/php5/zend/lib/Optimizer-3.3.3/php-5.0.x'" (status: 0)
[Oct 11 18:38:44] Copying: ../data/5_0_x_comp/ZendOptimizer.so to: /Applications/MAMP/bin/php5/zend/lib/Optimizer-3.3.3/php-5.0.x/ZendOptimizer.so
[Oct 11 18:38:44] Setting permissions on /Applications/MAMP/bin/php5/zend/lib/Optimizer-3.3.3/php-5.0.x/ZendOptimizer.so: mode=100644, owner=501
[Oct 11 18:38:44] Unlinking: /Applications/MAMP/bin/php5/zend/lib/Optimizer-3.3.3/php-5.1.x
[Oct 11 18:38:44] Executing: "mkdir -p '/Applications/MAMP/bin/php5/zend/lib/Optimizer-3.3.3/php-5.1.x'" (status: 0)
[Oct 11 18:38:44] Copying: ../data/5_1_x_comp/ZendOptimizer.so to: /Applications/MAMP/bin/php5/zend/lib/Optimizer-3.3.3/php-5.1.x/ZendOptimizer.so
[Oct 11 18:38:44] Setting permissions on /Applications/MAMP/bin/php5/zend/lib/Optimizer-3.3.3/php-5.1.x/ZendOptimizer.so: mode=100644, owner=501
[Oct 11 18:38:44] Unlinking: /Applications/MAMP/bin/php5/zend/lib/Optimizer-3.3.3/php-5.2.x
[Oct 11 18:38:44] Executing: "mkdir -p '/Applications/MAMP/bin/php5/zend/lib/Optimizer-3.3.3/php-5.2.x'" (status: 0)
[Oct 11 18:38:44] Copying: ../data/5_2_x_comp/ZendOptimizer.so to: /Applications/MAMP/bin/php5/zend/lib/Optimizer-3.3.3/php-5.2.x/ZendOptimizer.so
[Oct 11 18:38:44] Setting permissions on /Applications/MAMP/bin/php5/zend/lib/Optimizer-3.3.3/php-5.2.x/ZendOptimizer.so: mode=100644, owner=501
[Oct 11 18:38:44] Unlinking: /Applications/MAMP/bin/php5/zend/lib/Optimizer-3.3.3/php-4.3.x
[Oct 11 18:38:44] Executing: "mkdir -p '/Applications/MAMP/bin/php5/zend/lib/Optimizer-3.3.3/php-4.3.x'" (status: 0)
[Oct 11 18:38:44] Copying: ../data/4_3_x_comp/ZendOptimizer.so to: /Applications/MAMP/bin/php5/zend/lib/Optimizer-3.3.3/php-4.3.x/ZendOptimizer.so
[Oct 11 18:38:44] Setting permissions on /Applications/MAMP/bin/php5/zend/lib/Optimizer-3.3.3/php-4.3.x/ZendOptimizer.so: mode=100644, owner=501
[Oct 11 18:38:44] Added new extension to php.ini: zend_extension=/Applications/MAMP/bin/php5/zend/lib/ZendExtensionManager.so 
[Oct 11 18:38:44] Replaced line: zend_extension_manager.optimizer=/Applications/MAMP/bin/php5/zend/lib/Optimizer-3.3.3 by: zend_extension_manager.optimizer=/Applications/MAMP/bin/php5/zend/lib/Optimizer-3.3.3 in php.ini
[Oct 11 18:38:45] Replaced line: zend_optimizer.version=3.3.3 by: zend_optimizer.version=3.3.3 in php.ini
[Oct 11 18:38:45] PHP.ini re-ordered
[Oct 11 18:38:45] Backing-up file: /Applications/MAMP/conf/php5/php.ini
[Oct 11 18:38:45] Copying: /Applications/MAMP/conf/php5/php.ini to: /Applications/MAMP/conf/php5/php.ini-zend_optimizer.bak
[Oct 11 18:38:45] Setting permissions on /Applications/MAMP/conf/php5/php.ini-zend_optimizer.bak: mode=100755, owner=501, group=80
[Oct 11 18:38:45] Saving PHP.ini file: /Applications/MAMP/conf/php5/php.ini
[Oct 11 18:38:45] Open file: /Applications/MAMP/conf/php5/php.ini for writing
[Oct 11 18:38:45] Relocating php.ini from: /Applications/MAMP/conf/php5/php.ini to: /Applications/MAMP/bin/php5/zend/etc/php.ini
[Oct 11 18:38:45] Moving: /Applications/MAMP/conf/php5/php.ini to: /Applications/MAMP/bin/php5/zend/etc/php.ini
[Oct 11 18:38:45] Unlinking: /Applications/MAMP/conf/php5/php.ini
[Oct 11 18:38:45] Unlinking: /Applications/MAMP/conf/php5/php.ini
[Oct 11 18:38:45] Symlinking /Applications/MAMP/conf/php5/php.ini -> /Applications/MAMP/bin/php5/zend/etc/php.ini
[Oct 11 18:38:45] MSGBOX: "The following configuration changes have been made: - The php.ini file has been relocated from /Applications/MAMP/conf/php5 to /Applications/MAMP/bin/php5/zend/etc - A symbolic link for the php.ini file has been created in /Applications/MAMP/conf/php5. - The original php.ini was backed up to /Applications/MAMP/conf/php5/php.ini-zend_optimizer.bak "
[Oct 11 18:38:45] ./dialog --clear --backtitle 'Zend Optimizer Installation' --title 'Zend Optimizer 3.3.3' --msgbox ' The following configuration changes have been made: - The php.ini file has been relocated from /Applications/MAMP/conf/php5 to /Applications/MAMP/bin/php5/zend/etc - A symbolic link for the php.ini file has been created in /Applications/MAMP/conf/php5. - The original php.ini was backed up to /Applications/MAMP/conf/php5/php.ini-zend_optimizer.bak ' 0 0
[Oct 11 18:38:47] MSGBOX: "The installation has completed successfully. Zend Optimizer is now ready for use. You must restart your Web server for the modifications to take effect."
[Oct 11 18:38:47] ./dialog --clear --backtitle 'Zend Optimizer Installation' --title 'Zend Optimizer 3.3.3' --msgbox ' The installation has completed successfully. Zend Optimizer is now ready for use. You must restart your Web server for the modifications to take effect. ' 0 0
[Oct 11 18:38:48] YESNO: Restart the Web server now?
[Oct 11 18:38:48] ./dialog --clear --backtitle 'Zend Optimizer Installation' --title 'Zend Optimizer 3.3.3' --yesno ' Restart the Web server now? ' 0 0
[Oct 11 18:38:49] User choose: NO
[Oct 11 18:38:49] Cleaning up ...
[Oct 11 18:38:49] Unlinking: /Applications/MAMP/bin/php5/zend/logs
[Oct 11 18:38:49] Executing: "mkdir -p '/Applications/MAMP/bin/php5/zend/logs'" (status: 0)
